<?xml version="1.0" encoding="UTF-8"?>
<testsuite xmlns:xsi="http://www.w3.org/2001/XMLSchema-instance" xsi:noNamespaceSchemaLocation="https://maven.apache.org/surefire/maven-surefire-plugin/xsd/surefire-test-report-3.0.xsd" version="3.0" name="samplemavenprj.SampleTest1" time="0.05" tests="1" errors="0" skipped="0" failures="0">
  <properties>
[...]
</properties>
  <testcase name="twoPlusTwoEqualsFour" classname="samplemavenprj.SampleTest1" time="0.009">
    <system-out><![CDATA[Inside add() method...........
]]></system-out>
  </testcase>
</testsuite>